[2022-09-19T20:52:12.765] [DEBUG] cheese - login => username:zs,password:123456
[2022-09-19T20:52:12.767] [DEBUG] cheese - zs
[2022-09-19T20:52:12.776] [DEBUG] cheese - null
[2022-09-19T20:52:12.776] [DEBUG] cheese - null
[2022-09-19T20:53:06.500] [DEBUG] cheese - login => username:admin,password:123456
[2022-09-19T20:53:06.503] [DEBUG] cheese - admin
[2022-09-19T20:53:06.512] [DEBUG] cheese - null
[2022-09-19T20:53:06.513] [DEBUG] cheese - null
[2022-09-20T19:27:05.047] [DEBUG] cheese - login => username:1123,password:11123
[2022-09-20T19:27:05.049] [DEBUG] cheese - 1123
[2022-09-20T19:27:05.058] [DEBUG] cheese - null
[2022-09-20T19:27:05.059] [DEBUG] cheese - null
[2022-09-20T19:28:30.493] [DEBUG] cheese - login => username:asdasd,password:asdasdasd
[2022-09-20T19:28:30.493] [DEBUG] cheese - asdasd
[2022-09-20T19:28:30.496] [DEBUG] cheese - null
[2022-09-20T19:28:30.497] [DEBUG] cheese - null
[2022-09-20T19:31:03.661] [DEBUG] cheese - login => username:admin,password:aaaaaa
[2022-09-20T19:31:03.661] [DEBUG] cheese - admin
[2022-09-20T19:31:03.666] [DEBUG] cheese - null
[2022-09-20T19:31:03.666] [DEBUG] cheese - null
[2022-09-20T19:31:31.075] [DEBUG] cheese - login => username:aaaaa,password:aaaaaa
[2022-09-20T19:31:31.076] [DEBUG] cheese - aaaaa
[2022-09-20T19:31:31.078] [DEBUG] cheese - null
[2022-09-20T19:31:31.078] [DEBUG] cheese - null
[2022-09-20T19:33:14.618] [DEBUG] cheese - login => username:aaaaaa,password:aaaaaa
[2022-09-20T19:33:14.618] [DEBUG] cheese - aaaaaa
[2022-09-20T19:33:14.621] [DEBUG] cheese - null
[2022-09-20T19:33:14.621] [DEBUG] cheese - null
[2022-09-20T19:33:20.660] [DEBUG] cheese - login => username:aaaaaa,password:aaaaaa
[2022-09-20T19:33:20.660] [DEBUG] cheese - aaaaaa
[2022-09-20T19:33:20.662] [DEBUG] cheese - null
[2022-09-20T19:33:20.662] [DEBUG] cheese - null
[2022-09-20T19:33:43.146] [DEBUG] cheese - login => username:aaaaaa,password:aaaaaa
[2022-09-20T19:33:43.146] [DEBUG] cheese - aaaaaa
[2022-09-20T19:33:43.148] [DEBUG] cheese - null
[2022-09-20T19:33:43.148] [DEBUG] cheese - null
[2022-09-20T19:34:04.530] [DEBUG] cheese - login => username:aaaaaa,password:aaaaaa
[2022-09-20T19:34:04.530] [DEBUG] cheese - aaaaaa
[2022-09-20T19:34:04.532] [DEBUG] cheese - null
[2022-09-20T19:34:04.532] [DEBUG] cheese - null
[2022-09-20T19:35:56.396] [DEBUG] cheese - login => username:zzzzzz,password:zzzzzz
[2022-09-20T19:35:56.396] [DEBUG] cheese - zzzzzz
[2022-09-20T19:35:56.398] [DEBUG] cheese - null
[2022-09-20T19:35:56.398] [DEBUG] cheese - null
[2022-09-20T19:36:22.636] [DEBUG] cheese - login => username:admin,password:123456
[2022-09-20T19:36:22.636] [DEBUG] cheese - admin
[2022-09-20T19:36:22.640] [DEBUG] cheese - null
[2022-09-20T19:36:22.640] [DEBUG] cheese - null
[2022-09-20T19:47:58.453] [DEBUG] cheese - login => username:asdasd,password:asdasdas
[2022-09-20T19:47:58.453] [DEBUG] cheese - asdasd
[2022-09-20T19:47:58.456] [DEBUG] cheese - null
[2022-09-20T19:47:58.456] [DEBUG] cheese - null
[2022-09-20T19:48:22.961] [DEBUG] cheese - login => username:asdasd,password:asdasdas
[2022-09-20T19:48:22.961] [DEBUG] cheese - asdasd
[2022-09-20T19:48:22.963] [DEBUG] cheese - null
[2022-09-20T19:48:22.963] [DEBUG] cheese - null
[2022-09-20T19:49:47.074] [DEBUG] cheese - login => username:zzzzzz,password:zzzzzz
[2022-09-20T19:49:47.074] [DEBUG] cheese - zzzzzz
[2022-09-20T19:49:47.075] [DEBUG] cheese - null
[2022-09-20T19:49:47.076] [DEBUG] cheese - null
[2022-09-20T19:50:05.489] [DEBUG] cheese - login => username:zzzzzz,password:zzzzzz
[2022-09-20T19:50:05.489] [DEBUG] cheese - zzzzzz
[2022-09-20T19:50:05.491] [DEBUG] cheese - null
[2022-09-20T19:50:05.491] [DEBUG] cheese - null
[2022-09-20T19:50:09.184] [DEBUG] cheese - login => username:zzzzzz,password:zzzzzz
[2022-09-20T19:50:09.185] [DEBUG] cheese - zzzzzz
[2022-09-20T19:50:09.187] [DEBUG] cheese - null
[2022-09-20T19:50:09.187] [DEBUG] cheese - null
[2022-09-20T19:50:12.241] [DEBUG] cheese - login => username:zzzzzz,password:zzzzzz
[2022-09-20T19:50:12.241] [DEBUG] cheese - zzzzzz
[2022-09-20T19:50:12.244] [DEBUG] cheese - null
[2022-09-20T19:50:12.244] [DEBUG] cheese - null
[2022-09-20T19:50:26.850] [DEBUG] cheese - login => username:zzzzzz,password:zzzzzz
[2022-09-20T19:50:26.850] [DEBUG] cheese - zzzzzz
[2022-09-20T19:50:26.852] [DEBUG] cheese - null
[2022-09-20T19:50:26.852] [DEBUG] cheese - null
[2022-09-20T19:51:10.194] [DEBUG] cheese - login => username:zxczxc,password:zzzzzz
[2022-09-20T19:51:10.194] [DEBUG] cheese - zxczxc
[2022-09-20T19:51:10.196] [DEBUG] cheese - null
[2022-09-20T19:51:10.196] [DEBUG] cheese - null
[2022-09-20T19:51:17.594] [DEBUG] cheese - login => username:zzzzzz,password:zzzzzz
[2022-09-20T19:51:17.594] [DEBUG] cheese - zzzzzz
[2022-09-20T19:51:17.596] [DEBUG] cheese - null
[2022-09-20T19:51:17.596] [DEBUG] cheese - null
[2022-09-20T19:51:21.696] [DEBUG] cheese - login => username:zzzzzz,password:zzzzzz
[2022-09-20T19:51:21.696] [DEBUG] cheese - zzzzzz
[2022-09-20T19:51:21.698] [DEBUG] cheese - null
[2022-09-20T19:51:21.698] [DEBUG] cheese - null
[2022-09-20T19:51:22.359] [DEBUG] cheese - login => username:zzzzzz,password:zzzzzz
[2022-09-20T19:51:22.359] [DEBUG] cheese - zzzzzz
[2022-09-20T19:51:22.361] [DEBUG] cheese - null
[2022-09-20T19:51:22.361] [DEBUG] cheese - null
[2022-09-20T19:51:22.536] [DEBUG] cheese - login => username:zzzzzz,password:zzzzzz
[2022-09-20T19:51:22.536] [DEBUG] cheese - zzzzzz
[2022-09-20T19:51:22.537] [DEBUG] cheese - null
[2022-09-20T19:51:22.537] [DEBUG] cheese - null
[2022-09-20T19:51:22.690] [DEBUG] cheese - login => username:zzzzzz,password:zzzzzz
[2022-09-20T19:51:22.690] [DEBUG] cheese - zzzzzz
[2022-09-20T19:51:22.691] [DEBUG] cheese - null
[2022-09-20T19:51:22.691] [DEBUG] cheese - null
[2022-09-20T19:51:22.847] [DEBUG] cheese - login => username:zzzzzz,password:zzzzzz
[2022-09-20T19:51:22.848] [DEBUG] cheese - zzzzzz
[2022-09-20T19:51:22.849] [DEBUG] cheese - null
[2022-09-20T19:51:22.849] [DEBUG] cheese - null
[2022-09-20T19:51:22.990] [DEBUG] cheese - login => username:zzzzzz,password:zzzzzz
[2022-09-20T19:51:22.991] [DEBUG] cheese - zzzzzz
[2022-09-20T19:51:22.993] [DEBUG] cheese - null
[2022-09-20T19:51:22.993] [DEBUG] cheese - null
[2022-09-20T19:52:31.418] [DEBUG] cheese - login => username:admin,password:123456
[2022-09-20T19:52:31.418] [DEBUG] cheese - admin
[2022-09-20T19:52:31.420] [DEBUG] cheese - null
[2022-09-20T19:52:31.420] [DEBUG] cheese - null
[2022-09-20T19:52:32.230] [DEBUG] cheese - login => username:admin,password:123456
[2022-09-20T19:52:32.230] [DEBUG] cheese - admin
[2022-09-20T19:52:32.233] [DEBUG] cheese - null
[2022-09-20T19:52:32.233] [DEBUG] cheese - null
[2022-09-20T19:52:32.703] [DEBUG] cheese - login => username:admin,password:123456
[2022-09-20T19:52:32.703] [DEBUG] cheese - admin
[2022-09-20T19:52:32.705] [DEBUG] cheese - null
[2022-09-20T19:52:32.705] [DEBUG] cheese - null
[2022-09-20T19:52:32.887] [DEBUG] cheese - login => username:admin,password:123456
[2022-09-20T19:52:32.888] [DEBUG] cheese - admin
[2022-09-20T19:52:32.889] [DEBUG] cheese - null
[2022-09-20T19:52:32.890] [DEBUG] cheese - null
[2022-09-20T19:52:33.039] [DEBUG] cheese - login => username:admin,password:123456
[2022-09-20T19:52:33.039] [DEBUG] cheese - admin
[2022-09-20T19:52:33.041] [DEBUG] cheese - null
[2022-09-20T19:52:33.041] [DEBUG] cheese - null
[2022-09-20T19:52:33.190] [DEBUG] cheese - login => username:admin,password:123456
[2022-09-20T19:52:33.191] [DEBUG] cheese - admin
[2022-09-20T19:52:33.193] [DEBUG] cheese - null
[2022-09-20T19:52:33.193] [DEBUG] cheese - null
[2022-09-20T19:52:33.359] [DEBUG] cheese - login => username:admin,password:123456
[2022-09-20T19:52:33.359] [DEBUG] cheese - admin
[2022-09-20T19:52:33.361] [DEBUG] cheese - null
[2022-09-20T19:52:33.361] [DEBUG] cheese - null
[2022-09-20T19:52:37.761] [DEBUG] cheese - login => username:admin,password:123456
[2022-09-20T19:52:37.761] [DEBUG] cheese - admin
[2022-09-20T19:52:37.763] [DEBUG] cheese - null
[2022-09-20T19:52:37.763] [DEBUG] cheese - null
[2022-09-20T19:57:39.970] [DEBUG] cheese - login => username:admin,password:123456
[2022-09-20T19:57:39.970] [DEBUG] cheese - admin
[2022-09-20T19:57:39.972] [DEBUG] cheese - null
[2022-09-20T19:57:39.972] [DEBUG] cheese - null
[2022-09-20T19:57:54.953] [DEBUG] cheese - login => username:admin,password:123456
[2022-09-20T19:57:54.953] [DEBUG] cheese - admin
[2022-09-20T19:57:54.956] [DEBUG] cheese - null
[2022-09-20T19:57:54.956] [DEBUG] cheese - null
[2022-09-20T20:00:26.151] [DEBUG] cheese - login => username:admin,password:123456
[2022-09-20T20:00:26.151] [DEBUG] cheese - admin
[2022-09-20T20:00:26.154] [DEBUG] cheese - null
[2022-09-20T20:00:26.154] [DEBUG] cheese - null
[2022-09-20T20:02:19.321] [DEBUG] cheese - login => username:admin,password:123456
[2022-09-20T20:02:19.321] [DEBUG] cheese - admin
[2022-09-20T20:02:19.324] [DEBUG] cheese - null
[2022-09-20T20:02:19.324] [DEBUG] cheese - null
[2022-09-20T20:03:22.013] [DEBUG] cheese - login => username:admin,password:123456
[2022-09-20T20:03:22.013] [DEBUG] cheese - admin
[2022-09-20T20:03:22.014] [DEBUG] cheese - null
[2022-09-20T20:03:22.015] [DEBUG] cheese - null
[2022-09-20T20:03:23.120] [DEBUG] cheese - login => username:admin,password:123456
[2022-09-20T20:03:23.120] [DEBUG] cheese - admin
[2022-09-20T20:03:23.123] [DEBUG] cheese - null
[2022-09-20T20:03:23.123] [DEBUG] cheese - null
[2022-09-20T20:03:23.624] [DEBUG] cheese - login => username:admin,password:123456
[2022-09-20T20:03:23.625] [DEBUG] cheese - admin
[2022-09-20T20:03:23.626] [DEBUG] cheese - null
[2022-09-20T20:03:23.626] [DEBUG] cheese - null
[2022-09-20T20:03:23.985] [DEBUG] cheese - login => username:admin,password:123456
[2022-09-20T20:03:23.985] [DEBUG] cheese - admin
[2022-09-20T20:03:23.987] [DEBUG] cheese - null
[2022-09-20T20:03:23.987] [DEBUG] cheese - null
[2022-09-20T20:03:36.467] [DEBUG] cheese - login => username:admin,password:123456
[2022-09-20T20:03:36.467] [DEBUG] cheese - admin
[2022-09-20T20:03:36.469] [DEBUG] cheese - null
[2022-09-20T20:03:36.469] [DEBUG] cheese - null
[2022-09-20T20:03:41.739] [DEBUG] cheese - login => username:admin,password:123456a
[2022-09-20T20:03:41.739] [DEBUG] cheese - admin
[2022-09-20T20:03:41.741] [DEBUG] cheese - null
[2022-09-20T20:03:41.741] [DEBUG] cheese - null
[2022-09-20T20:05:00.275] [DEBUG] cheese - login => username:admin,password:123456
[2022-09-20T20:05:00.275] [DEBUG] cheese - admin
[2022-09-20T20:05:00.276] [DEBUG] cheese - null
[2022-09-20T20:05:00.276] [DEBUG] cheese - null
[2022-09-20T20:05:03.032] [DEBUG] cheese - login => username:admin,password:123456a
[2022-09-20T20:05:03.032] [DEBUG] cheese - admin
[2022-09-20T20:05:03.034] [DEBUG] cheese - null
[2022-09-20T20:05:03.035] [DEBUG] cheese - null
[2022-09-20T20:05:04.992] [DEBUG] cheese - login => username:admin,password:123456a
[2022-09-20T20:05:04.992] [DEBUG] cheese - admin
[2022-09-20T20:05:04.994] [DEBUG] cheese - null
[2022-09-20T20:05:04.995] [DEBUG] cheese - null
[2022-09-20T20:05:09.323] [DEBUG] cheese - login => username:admin,password:123456
[2022-09-20T20:05:09.323] [DEBUG] cheese - admin
[2022-09-20T20:05:09.325] [DEBUG] cheese - null
[2022-09-20T20:05:09.325] [DEBUG] cheese - null
[2022-09-20T20:05:11.969] [DEBUG] cheese - login => username:admin,password:123456a
[2022-09-20T20:05:11.969] [DEBUG] cheese - admin
[2022-09-20T20:05:11.973] [DEBUG] cheese - null
[2022-09-20T20:05:11.973] [DEBUG] cheese - null
[2022-09-20T20:07:43.415] [DEBUG] cheese - login => username:admin,password:123456a
[2022-09-20T20:07:43.415] [DEBUG] cheese - admin
[2022-09-20T20:07:43.417] [DEBUG] cheese - null
[2022-09-20T20:07:43.417] [DEBUG] cheese - null
[2022-09-20T20:07:44.689] [DEBUG] cheese - login => username:admin,password:123456a
[2022-09-20T20:07:44.689] [DEBUG] cheese - admin
[2022-09-20T20:07:44.691] [DEBUG] cheese - null
[2022-09-20T20:07:44.691] [DEBUG] cheese - null
[2022-09-20T20:07:45.105] [DEBUG] cheese - login => username:admin,password:123456a
[2022-09-20T20:07:45.105] [DEBUG] cheese - admin
[2022-09-20T20:07:45.106] [DEBUG] cheese - null
[2022-09-20T20:07:45.106] [DEBUG] cheese - null
[2022-09-20T20:07:45.315] [DEBUG] cheese - login => username:admin,password:123456a
[2022-09-20T20:07:45.315] [DEBUG] cheese - admin
[2022-09-20T20:07:45.319] [DEBUG] cheese - null
[2022-09-20T20:07:45.319] [DEBUG] cheese - null
[2022-09-20T20:07:45.496] [DEBUG] cheese - login => username:admin,password:123456a
[2022-09-20T20:07:45.496] [DEBUG] cheese - admin
[2022-09-20T20:07:45.499] [DEBUG] cheese - null
[2022-09-20T20:07:45.499] [DEBUG] cheese - null
[2022-09-20T20:07:45.666] [DEBUG] cheese - login => username:admin,password:123456a
[2022-09-20T20:07:45.666] [DEBUG] cheese - admin
[2022-09-20T20:07:45.669] [DEBUG] cheese - null
[2022-09-20T20:07:45.669] [DEBUG] cheese - null
[2022-09-20T20:07:45.841] [DEBUG] cheese - login => username:admin,password:123456a
[2022-09-20T20:07:45.841] [DEBUG] cheese - admin
[2022-09-20T20:07:45.843] [DEBUG] cheese - null
[2022-09-20T20:07:45.843] [DEBUG] cheese - null
[2022-09-20T20:07:46.008] [DEBUG] cheese - login => username:admin,password:123456a
[2022-09-20T20:07:46.008] [DEBUG] cheese - admin
[2022-09-20T20:07:46.010] [DEBUG] cheese - null
[2022-09-20T20:07:46.010] [DEBUG] cheese - null
[2022-09-20T20:12:18.268] [DEBUG] cheese - login => username:admin,password:123456a
[2022-09-20T20:12:18.270] [DEBUG] cheese - admin
[2022-09-20T20:12:18.273] [DEBUG] cheese - null
[2022-09-20T20:12:18.273] [DEBUG] cheese - null
[2022-09-20T20:12:20.550] [DEBUG] cheese - login => username:admin,password:123456
[2022-09-20T20:12:20.550] [DEBUG] cheese - admin
[2022-09-20T20:12:20.552] [DEBUG] cheese - null
[2022-09-20T20:12:20.552] [DEBUG] cheese - null
[2022-09-20T20:12:23.282] [DEBUG] cheese - login => username:admin,password:123456a
[2022-09-20T20:12:23.282] [DEBUG] cheese - admin
[2022-09-20T20:12:23.284] [DEBUG] cheese - null
[2022-09-20T20:12:23.284] [DEBUG] cheese - null
[2022-09-20T20:12:56.828] [DEBUG] cheese - login => username:admin,password:123456a
[2022-09-20T20:12:56.828] [DEBUG] cheese - admin
[2022-09-20T20:12:56.831] [DEBUG] cheese - null
[2022-09-20T20:12:56.831] [DEBUG] cheese - null
[2022-09-20T20:13:07.926] [DEBUG] cheese - login => username:admin,password:123456a
[2022-09-20T20:13:07.926] [DEBUG] cheese - admin
[2022-09-20T20:13:07.928] [DEBUG] cheese - null
[2022-09-20T20:13:07.928] [DEBUG] cheese - null
[2022-09-20T20:27:40.712] [DEBUG] cheese - login => username:admin,password:123456
[2022-09-20T20:27:40.712] [DEBUG] cheese - admin
[2022-09-20T20:27:40.715] [DEBUG] cheese - null
[2022-09-20T20:27:40.715] [DEBUG] cheese - null
[2022-09-20T20:37:05.361] [DEBUG] cheese - login => username:admin,password:123456
[2022-09-20T20:37:05.362] [DEBUG] cheese - admin
[2022-09-20T20:37:05.364] [DEBUG] cheese - null
[2022-09-20T20:37:05.364] [DEBUG] cheese - null
[2022-09-20T20:45:28.842] [DEBUG] cheese - login => username:admin,password:123456
[2022-09-20T20:45:28.842] [DEBUG] cheese - admin
[2022-09-20T20:45:28.844] [DEBUG] cheese - null
[2022-09-20T20:45:28.844] [DEBUG] cheese - null
[2022-09-20T20:53:12.755] [DEBUG] cheese - login => username:admin,password:123456
[2022-09-20T20:53:12.755] [DEBUG] cheese - admin
[2022-09-20T20:53:12.758] [DEBUG] cheese - null
[2022-09-20T20:53:12.758] [DEBUG] cheese - null
[2022-09-20T21:06:56.552] [DEBUG] cheese - login => username:admin,password:123456
[2022-09-20T21:06:56.552] [DEBUG] cheese - admin
[2022-09-20T21:06:56.554] [DEBUG] cheese - null
[2022-09-20T21:06:56.554] [DEBUG] cheese - null
[2022-09-20T21:40:53.151] [DEBUG] cheese - login => username:admin,password:123456
[2022-09-20T21:40:53.151] [DEBUG] cheese - admin
[2022-09-20T21:40:53.153] [DEBUG] cheese - null
[2022-09-20T21:40:53.153] [DEBUG] cheese - null
[2022-09-20T21:52:20.948] [DEBUG] cheese - login => username:admin,password:123456a
[2022-09-20T21:52:20.949] [DEBUG] cheese - admin
[2022-09-20T21:52:20.950] [DEBUG] cheese - null
[2022-09-20T21:52:20.951] [DEBUG] cheese - null
[2022-09-20T21:52:31.932] [DEBUG] cheese - login => username:admin,password:123456
[2022-09-20T21:52:31.932] [DEBUG] cheese - admin
[2022-09-20T21:52:31.934] [DEBUG] cheese - null
[2022-09-20T21:52:31.934] [DEBUG] cheese - null
[2022-09-20T22:51:43.422] [DEBUG] cheese - login => username:admin,password:123456
[2022-09-20T22:51:43.423] [DEBUG] cheese - admin
[2022-09-20T22:51:43.425] [DEBUG] cheese - null
[2022-09-20T22:51:43.426] [DEBUG] cheese - null
[2022-09-20T23:35:46.556] [DEBUG] cheese - login => username:admin,password:123456
[2022-09-20T23:35:46.557] [DEBUG] cheese - admin
[2022-09-20T23:35:46.570] [DEBUG] cheese - null
[2022-09-20T23:35:46.571] [DEBUG] cheese - null
[2022-09-21T00:19:14.472] [DEBUG] cheese - login => username:admin,password:123456
[2022-09-21T00:19:14.472] [DEBUG] cheese - admin
[2022-09-21T00:19:14.475] [DEBUG] cheese - null
[2022-09-21T00:19:14.475] [DEBUG] cheese - null
[2022-09-21T00:21:22.207] [DEBUG] cheese - login => username:admin,password:123456
[2022-09-21T00:21:22.207] [DEBUG] cheese - admin
[2022-09-21T00:21:22.209] [DEBUG] cheese - null
[2022-09-21T00:21:22.209] [DEBUG] cheese - null
[2022-09-21T00:28:14.669] [DEBUG] cheese - login => username:admin,password:123456
[2022-09-21T00:28:14.669] [DEBUG] cheese - admin
[2022-09-21T00:28:14.670] [DEBUG] cheese - null
[2022-09-21T00:28:14.670] [DEBUG] cheese - null
[2022-09-21T08:57:53.586] [DEBUG] cheese - login => username:admin,password:123456
[2022-09-21T08:57:53.586] [DEBUG] cheese - admin
[2022-09-21T08:57:53.594] [DEBUG] cheese - null
[2022-09-21T08:57:53.594] [DEBUG] cheese - null
[2022-09-21T08:57:59.823] [DEBUG] cheese - login => username:admin,password:123456
[2022-09-21T08:57:59.823] [DEBUG] cheese - admin
[2022-09-21T08:57:59.825] [DEBUG] cheese - null
[2022-09-21T08:57:59.826] [DEBUG] cheese - null
[2022-09-21T12:13:38.577] [DEBUG] cheese - login => username:admin,password:123456
[2022-09-21T12:13:38.578] [DEBUG] cheese - admin
[2022-09-21T12:13:38.588] [DEBUG] cheese - null
[2022-09-21T12:13:38.588] [DEBUG] cheese - null
[2022-09-21T13:00:11.553] [DEBUG] cheese - login => username:admin,password:123456
[2022-09-21T13:00:11.553] [DEBUG] cheese - admin
[2022-09-21T13:00:11.555] [DEBUG] cheese - null
[2022-09-21T13:00:11.555] [DEBUG] cheese - null
[2022-09-21T13:00:46.593] [DEBUG] cheese - login => username:admin,password:123456
[2022-09-21T13:00:46.594] [DEBUG] cheese - admin
[2022-09-21T13:00:46.595] [DEBUG] cheese - null
[2022-09-21T13:00:46.596] [DEBUG] cheese - null
[2022-09-21T13:05:56.129] [DEBUG] cheese - login => username:admin,password:123456
[2022-09-21T13:05:56.129] [DEBUG] cheese - admin
[2022-09-21T13:05:56.132] [DEBUG] cheese - null
[2022-09-21T13:05:56.132] [DEBUG] cheese - null
[2022-09-21T13:27:01.885] [DEBUG] cheese - login => username:admin,password:123456
[2022-09-21T13:27:01.885] [DEBUG] cheese - admin
[2022-09-21T13:27:01.887] [DEBUG] cheese - null
[2022-09-21T13:27:01.887] [DEBUG] cheese - null
[2022-09-21T13:34:49.804] [DEBUG] cheese - login => username:admin,password:123456
[2022-09-21T13:34:49.804] [DEBUG] cheese - admin
[2022-09-21T13:34:49.806] [DEBUG] cheese - null
[2022-09-21T13:34:49.806] [DEBUG] cheese - null
[2022-09-21T13:51:44.206] [DEBUG] cheese - login => username:admin,password:123456
[2022-09-21T13:51:44.206] [DEBUG] cheese - admin
[2022-09-21T13:51:44.208] [DEBUG] cheese - null
[2022-09-21T13:51:44.208] [DEBUG] cheese - null
[2022-09-21T14:06:58.929] [DEBUG] cheese - login => username:admin,password:123456
[2022-09-21T14:06:58.929] [DEBUG] cheese - admin
[2022-09-21T14:06:58.931] [DEBUG] cheese - null
[2022-09-21T14:06:58.931] [DEBUG] cheese - null
[2022-09-21T14:07:08.918] [DEBUG] cheese - login => username:admin,password:123456
[2022-09-21T14:07:08.918] [DEBUG] cheese - admin
[2022-09-21T14:07:08.920] [DEBUG] cheese - null
[2022-09-21T14:07:08.920] [DEBUG] cheese - null
[2022-09-21T14:10:58.392] [DEBUG] cheese - login => username:admin,password:123456
[2022-09-21T14:10:58.392] [DEBUG] cheese - admin
[2022-09-21T14:10:58.394] [DEBUG] cheese - null
[2022-09-21T14:10:58.394] [DEBUG] cheese - null
[2022-09-21T15:46:35.547] [DEBUG] cheese - login => username:admin,password:123456
[2022-09-21T15:46:35.547] [DEBUG] cheese - admin
[2022-09-21T15:46:35.548] [DEBUG] cheese - null
[2022-09-21T15:46:35.548] [DEBUG] cheese - null
[2022-09-21T21:17:34.565] [DEBUG] cheese - login => username:admin,password:123456
[2022-09-21T21:17:34.566] [DEBUG] cheese - admin
[2022-09-21T21:17:34.572] [DEBUG] cheese - null
[2022-09-21T21:17:34.572] [DEBUG] cheese - null
[2022-09-21T21:17:51.183] [DEBUG] cheese - login => username:admin,password:123456
[2022-09-21T21:17:51.183] [DEBUG] cheese - admin
[2022-09-21T21:17:51.186] [DEBUG] cheese - null
[2022-09-21T21:17:51.186] [DEBUG] cheese - null
[2022-09-21T21:53:31.532] [DEBUG] cheese - login => username:admin,password:123456
[2022-09-21T21:53:31.532] [DEBUG] cheese - admin
[2022-09-21T21:53:31.535] [DEBUG] cheese - null
[2022-09-21T21:53:31.535] [DEBUG] cheese - null
[2022-09-22T12:45:32.028] [DEBUG] cheese - login => username:admin,password:123456
[2022-09-22T12:45:32.029] [DEBUG] cheese - admin
[2022-09-22T12:45:32.040] [DEBUG] cheese - null
[2022-09-22T12:45:32.041] [DEBUG] cheese - null
[2022-09-22T13:46:33.898] [DEBUG] cheese - login => username:admin,password:123456
[2022-09-22T13:46:33.899] [DEBUG] cheese - admin
[2022-09-22T13:46:33.903] [DEBUG] cheese - null
[2022-09-22T13:46:33.904] [DEBUG] cheese - null
[2022-09-22T16:17:50.881] [DEBUG] cheese - login => username:admin,password:123456
[2022-09-22T16:17:50.881] [DEBUG] cheese - admin
[2022-09-22T16:17:50.883] [DEBUG] cheese - null
[2022-09-22T16:17:50.884] [DEBUG] cheese - null
[2022-09-22T21:16:12.693] [DEBUG] cheese - login => username:admin,password:123456
[2022-09-22T21:16:12.693] [DEBUG] cheese - admin
[2022-09-22T21:16:12.696] [DEBUG] cheese - null
[2022-09-22T21:16:12.696] [DEBUG] cheese - null
[2022-09-23T00:57:39.936] [DEBUG] cheese - login => username:admin,password:123456
[2022-09-23T00:57:39.936] [DEBUG] cheese - admin
[2022-09-23T00:57:39.939] [DEBUG] cheese - null
[2022-09-23T00:57:39.939] [DEBUG] cheese - null
[2022-09-23T14:22:57.033] [DEBUG] cheese - login => username:admin,password:123456
[2022-09-23T14:22:57.035] [DEBUG] cheese - admin
[2022-09-23T14:22:57.045] [DEBUG] cheese - null
[2022-09-23T14:22:57.045] [DEBUG] cheese - null
[2022-09-23T14:42:10.985] [DEBUG] cheese - login => username:admin,password:123456
[2022-09-23T14:42:10.985] [DEBUG] cheese - admin
[2022-09-23T14:42:10.988] [DEBUG] cheese - null
[2022-09-23T14:42:10.988] [DEBUG] cheese - null
[2022-09-23T21:50:57.687] [DEBUG] cheese - login => username:admin,password:123456
[2022-09-23T21:50:57.687] [DEBUG] cheese - admin
[2022-09-23T21:50:57.689] [DEBUG] cheese - null
[2022-09-23T21:50:57.690] [DEBUG] cheese - null
[2022-09-24T10:42:11.125] [DEBUG] cheese - null
[2022-09-24T10:42:13.568] [DEBUG] cheese - null
[2022-09-24T10:45:39.452] [DEBUG] cheese - null
[2022-09-24T10:46:20.442] [DEBUG] cheese - null
[2022-09-24T10:52:51.892] [DEBUG] cheese - null
[2022-09-24T10:56:13.723] [DEBUG] cheese - null
[2022-09-24T10:56:27.307] [DEBUG] cheese - null
[2022-09-24T10:59:06.428] [DEBUG] cheese - null
[2022-09-24T10:59:15.933] [DEBUG] cheese - null
[2022-09-25T12:10:23.877] [DEBUG] cheese - login => username:admin,password:123456
[2022-09-25T12:10:23.878] [DEBUG] cheese - admin
[2022-09-25T12:10:23.892] [DEBUG] cheese - null
[2022-09-25T12:10:23.892] [DEBUG] cheese - null
[2022-09-25T12:52:56.176] [DEBUG] cheese - null
[2022-09-25T13:15:24.481] [DEBUG] cheese - null
[2022-09-25T13:20:47.633] [DEBUG] cheese - null
[2022-09-25T13:21:02.529] [DEBUG] cheese - null
[2022-09-25T13:49:53.044] [DEBUG] cheese - null
[2022-09-25T23:12:29.953] [DEBUG] cheese - login => username:admin,password:123456
[2022-09-25T23:12:29.955] [DEBUG] cheese - admin
[2022-09-25T23:12:29.969] [DEBUG] cheese - null
[2022-09-25T23:12:29.970] [DEBUG] cheese - null
[2022-09-26T10:01:44.183] [DEBUG] cheese - login => username:admin,password:123456
[2022-09-26T10:01:44.185] [DEBUG] cheese - admin
[2022-09-26T10:01:44.207] [DEBUG] cheese - null
[2022-09-26T10:01:44.208] [DEBUG] cheese - null
[2022-09-26T12:22:45.496] [DEBUG] cheese - login => username:admin,password:123456
[2022-09-26T12:22:45.497] [DEBUG] cheese - admin
[2022-09-26T12:22:45.512] [DEBUG] cheese - null
[2022-09-26T12:22:45.513] [DEBUG] cheese - null
[2022-09-26T14:38:33.100] [DEBUG] cheese - login => username:admin,password:123456
[2022-09-26T14:38:33.102] [DEBUG] cheese - admin
[2022-09-26T14:38:33.124] [DEBUG] cheese - null
[2022-09-26T14:38:33.125] [DEBUG] cheese - null
[2022-09-26T17:32:53.693] [DEBUG] cheese - login => username:admin,password:123456
[2022-09-26T17:32:53.694] [DEBUG] cheese - admin
[2022-09-26T17:32:53.704] [DEBUG] cheese - null
[2022-09-26T17:32:53.705] [DEBUG] cheese - null
[2022-09-27T13:15:08.303] [DEBUG] cheese - login => username:admin,password:123456
[2022-09-27T13:15:08.304] [DEBUG] cheese - admin
[2022-09-27T13:15:08.322] [DEBUG] cheese - null
[2022-09-27T13:15:08.323] [DEBUG] cheese - null
[2022-09-27T19:44:13.992] [DEBUG] cheese - login => username:admin,password:123456
[2022-09-27T19:44:13.993] [DEBUG] cheese - admin
[2022-09-27T19:44:14.014] [DEBUG] cheese - null
[2022-09-27T19:44:14.014] [DEBUG] cheese - null
[2022-09-28T09:40:22.633] [DEBUG] cheese - login => username:admin,password:123456
[2022-09-28T09:40:22.634] [DEBUG] cheese - admin
[2022-09-28T09:40:22.651] [DEBUG] cheese - null
[2022-09-28T09:40:22.651] [DEBUG] cheese - null
[2022-09-28T12:26:35.264] [DEBUG] cheese - login => username:admin,password:123456
[2022-09-28T12:26:35.265] [DEBUG] cheese - admin
[2022-09-28T12:26:35.275] [DEBUG] cheese - null
[2022-09-28T12:26:35.275] [DEBUG] cheese - null
[2022-09-28T20:03:23.760] [DEBUG] cheese - login => username:admin,password:123456
[2022-09-28T20:03:23.761] [DEBUG] cheese - admin
[2022-09-28T20:03:23.773] [DEBUG] cheese - null
[2022-09-28T20:03:23.774] [DEBUG] cheese - null
[2022-09-29T00:28:18.503] [DEBUG] cheese - login => username:admin,password:123456
[2022-09-29T00:28:18.505] [DEBUG] cheese - admin
[2022-09-29T00:28:18.509] [DEBUG] cheese - null
[2022-09-29T00:28:18.510] [DEBUG] cheese - null
[2022-09-29T20:27:31.219] [DEBUG] cheese - login => username:admin,password:123456
[2022-09-29T20:27:31.220] [DEBUG] cheese - admin
[2022-09-29T20:27:31.232] [DEBUG] cheese - null
[2022-09-29T20:27:31.232] [DEBUG] cheese - null
[2022-09-29T22:51:40.484] [DEBUG] cheese - login => username:admin,password:123456
[2022-09-29T22:51:40.486] [DEBUG] cheese - admin
[2022-09-29T22:51:40.499] [DEBUG] cheese - null
[2022-09-29T22:51:40.500] [DEBUG] cheese - null
[2022-09-30T15:49:03.161] [DEBUG] cheese - login => username:admin,password:123456
[2022-09-30T15:49:03.163] [DEBUG] cheese - admin
[2022-09-30T15:49:03.188] [DEBUG] cheese - null
[2022-09-30T15:49:03.189] [DEBUG] cheese - null
[2022-10-01T00:36:28.102] [DEBUG] cheese - login => username:admin,password:123456
[2022-10-01T00:36:28.104] [DEBUG] cheese - admin
[2022-10-01T00:36:28.110] [DEBUG] cheese - null
[2022-10-01T00:36:28.110] [DEBUG] cheese - null
[2022-10-01T00:37:12.798] [DEBUG] cheese - login => username:admin,password:123456
[2022-10-01T00:37:12.799] [DEBUG] cheese - admin
[2022-10-01T00:37:12.804] [DEBUG] cheese - null
[2022-10-01T00:37:12.804] [DEBUG] cheese - null
[2022-10-01T23:32:41.410] [DEBUG] cheese - login => username:admin,password:123456
[2022-10-01T23:32:41.411] [DEBUG] cheese - admin
[2022-10-01T23:32:41.421] [DEBUG] cheese - null
[2022-10-01T23:32:41.421] [DEBUG] cheese - null
[2022-10-02T10:57:09.992] [DEBUG] cheese - login => username:admin,password:123456
[2022-10-02T10:57:09.993] [DEBUG] cheese - admin
[2022-10-02T10:57:10.005] [DEBUG] cheese - null
[2022-10-02T10:57:10.006] [DEBUG] cheese - null
[2022-10-02T11:31:46.637] [DEBUG] cheese - login => username:admin,password:123456
[2022-10-02T11:31:46.638] [DEBUG] cheese - admin
[2022-10-02T11:31:46.639] [DEBUG] cheese - null
[2022-10-02T11:31:46.639] [DEBUG] cheese - null
[2022-10-02T11:32:43.038] [DEBUG] cheese - login => username:admin,password:123456
[2022-10-02T11:32:43.038] [DEBUG] cheese - admin
[2022-10-02T11:32:43.040] [DEBUG] cheese - null
[2022-10-02T11:32:43.041] [DEBUG] cheese - null
[2022-10-02T17:22:18.867] [DEBUG] cheese - login => username:admin,password:123456
[2022-10-02T17:22:18.868] [DEBUG] cheese - admin
[2022-10-02T17:22:18.874] [DEBUG] cheese - null
[2022-10-02T17:22:18.875] [DEBUG] cheese - null
[2022-10-02T20:09:41.753] [DEBUG] cheese - login => username:admin,password:123456
[2022-10-02T20:09:41.754] [DEBUG] cheese - admin
[2022-10-02T20:09:41.766] [DEBUG] cheese - null
[2022-10-02T20:09:41.767] [DEBUG] cheese - null
[2022-10-03T10:35:07.855] [DEBUG] cheese - login => username:admin,password:123456
[2022-10-03T10:35:07.857] [DEBUG] cheese - admin
[2022-10-03T10:35:07.867] [DEBUG] cheese - null
[2022-10-03T10:35:07.868] [DEBUG] cheese - null
[2022-10-05T13:49:06.512] [DEBUG] cheese - login => username:admin,password:123456
[2022-10-05T13:49:06.513] [DEBUG] cheese - admin
[2022-10-05T13:49:06.526] [DEBUG] cheese - null
[2022-10-05T13:49:06.527] [DEBUG] cheese - null
[2022-10-05T14:27:56.416] [DEBUG] cheese - null
[2022-10-05T16:03:29.495] [DEBUG] cheese - null
[2022-10-05T16:12:22.196] [DEBUG] cheese - null
[2022-10-05T16:13:39.443] [DEBUG] cheese - null
[2022-10-05T20:15:36.914] [DEBUG] cheese - login => username:admin,password:123456
[2022-10-05T20:15:36.915] [DEBUG] cheese - admin
[2022-10-05T20:15:36.925] [DEBUG] cheese - null
[2022-10-05T20:15:36.925] [DEBUG] cheese - null
[2022-10-06T11:11:13.712] [DEBUG] cheese - login => username:admin,password:123456
[2022-10-06T11:11:13.713] [DEBUG] cheese - admin
[2022-10-06T11:11:13.723] [DEBUG] cheese - null
[2022-10-06T11:11:13.723] [DEBUG] cheese - null
[2022-10-06T12:27:44.424] [DEBUG] cheese - login => username:admin,password:123456
[2022-10-06T12:27:44.425] [DEBUG] cheese - admin
[2022-10-06T12:27:44.437] [DEBUG] cheese - null
[2022-10-06T12:27:44.437] [DEBUG] cheese - null
[2022-10-06T12:29:03.176] [DEBUG] cheese - login => username:admin,password:123456
[2022-10-06T12:29:03.177] [DEBUG] cheese - admin
[2022-10-06T12:29:03.189] [DEBUG] cheese - null
[2022-10-06T12:29:03.189] [DEBUG] cheese - null
[2022-10-10T12:54:29.755] [DEBUG] cheese - login => username:admin,password:123456
[2022-10-10T12:54:29.756] [DEBUG] cheese - admin
[2022-10-10T12:54:29.771] [DEBUG] cheese - null
[2022-10-10T12:54:29.772] [DEBUG] cheese - null
[2022-10-11T10:58:30.135] [DEBUG] cheese - login => username:admin,password:123456
[2022-10-11T10:58:30.136] [DEBUG] cheese - admin
[2022-10-11T10:58:30.151] [DEBUG] cheese - null
[2022-10-11T10:58:30.152] [DEBUG] cheese - null
[2022-10-13T22:48:07.821] [DEBUG] cheese - login => username:admin,password:123456
[2022-10-13T22:48:07.822] [DEBUG] cheese - admin
[2022-10-13T22:48:07.869] [DEBUG] cheese - null
[2022-10-13T22:48:07.869] [DEBUG] cheese - null
[2022-10-19T09:28:25.190] [DEBUG] cheese - login => username:admin,password:123456
[2022-10-19T09:28:25.191] [DEBUG] cheese - admin
[2022-10-19T09:28:25.210] [DEBUG] cheese - null
[2022-10-19T09:28:25.211] [DEBUG] cheese - null
[2022-10-19T09:29:30.024] [DEBUG] cheese - login => username:admin,password:123456
[2022-10-19T09:29:30.024] [DEBUG] cheese - admin
[2022-10-19T09:29:30.027] [DEBUG] cheese - null
[2022-10-19T09:29:30.027] [DEBUG] cheese - null
[2022-10-19T09:29:44.989] [DEBUG] cheese - login => username:admin,password:123456
[2022-10-19T09:29:44.989] [DEBUG] cheese - admin
[2022-10-19T09:29:44.992] [DEBUG] cheese - null
[2022-10-19T09:29:44.992] [DEBUG] cheese - null
[2022-10-24T00:44:49.741] [DEBUG] cheese - login => username:admin,password:123456
[2022-10-24T00:44:49.742] [DEBUG] cheese - admin
[2022-10-24T00:44:49.781] [DEBUG] cheese - null
[2022-10-24T00:44:49.781] [DEBUG] cheese - null
[2022-10-27T15:29:53.222] [DEBUG] cheese - login => username:admin,password:123456
[2022-10-27T15:29:53.223] [DEBUG] cheese - admin
[2022-10-27T15:29:53.273] [DEBUG] cheese - null
[2022-10-27T15:29:53.274] [DEBUG] cheese - null
[2022-10-27T17:57:18.031] [DEBUG] cheese - login => username:admin,password:123456
[2022-10-27T17:57:18.032] [DEBUG] cheese - admin
[2022-10-27T17:57:18.045] [DEBUG] cheese - null
[2022-10-27T17:57:18.046] [DEBUG] cheese - null
[2022-10-30T17:31:27.994] [DEBUG] cheese - login => username:admin,password:123456
[2022-10-30T17:31:27.996] [DEBUG] cheese - admin
[2022-10-30T17:31:28.017] [DEBUG] cheese - null
[2022-10-30T17:31:28.017] [DEBUG] cheese - null
[2022-10-30T22:01:40.172] [DEBUG] cheese - login => username:admin,password:123456
[2022-10-30T22:01:40.174] [DEBUG] cheese - admin
[2022-10-30T22:01:40.186] [DEBUG] cheese - null
[2022-10-30T22:01:40.187] [DEBUG] cheese - null
[2022-10-31T10:25:44.153] [DEBUG] cheese - login => username:admin,password:123456
[2022-10-31T10:25:44.154] [DEBUG] cheese - admin
[2022-10-31T10:25:44.181] [DEBUG] cheese - null
[2022-10-31T10:25:44.182] [DEBUG] cheese - null
[2022-12-14T18:34:11.062] [DEBUG] cheese - login => username:admin,password:123456
[2022-12-14T18:34:11.063] [DEBUG] cheese - admin
[2022-12-14T18:34:11.214] [DEBUG] cheese - null
[2022-12-14T18:34:11.215] [DEBUG] cheese - null
[2022-12-14T18:36:28.775] [DEBUG] cheese - login => username:admin,password:123456
[2023-03-28T22:10:17.893] [DEBUG] cheese - login => username:admin,password:123456
[2023-03-28T22:10:17.894] [DEBUG] cheese - admin
[2023-03-28T22:10:17.947] [DEBUG] cheese - null
[2023-03-28T22:10:17.947] [DEBUG] cheese - null
[2023-03-28T22:17:33.795] [DEBUG] cheese - login => username:admin,password:123456
[2023-03-28T22:17:33.795] [DEBUG] cheese - admin
[2023-03-28T22:17:33.799] [DEBUG] cheese - null
[2023-03-28T22:17:33.799] [DEBUG] cheese - null
[2023-03-28T22:41:29.998] [DEBUG] cheese - login => username:admin,password:123456
[2023-03-28T22:41:29.999] [DEBUG] cheese - admin
[2023-03-28T22:41:30.000] [DEBUG] cheese - null
[2023-03-28T22:41:30.001] [DEBUG] cheese - null
[2023-04-12T18:29:19.722] [DEBUG] cheese - login => username:admin,password:123456
[2023-04-12T18:29:19.723] [DEBUG] cheese - admin
[2023-04-12T18:29:19.759] [DEBUG] cheese - null
[2023-04-12T18:29:19.759] [DEBUG] cheese - null
[2023-04-12T18:37:07.240] [DEBUG] cheese - login => username:admin,password:123456
[2023-04-12T18:37:07.241] [DEBUG] cheese - admin
[2023-04-12T18:37:07.252] [DEBUG] cheese - null
[2023-04-12T18:37:07.252] [DEBUG] cheese - null
